<?xml version="1.0" encoding="UTF-8"?>
<!-- Generated by org.testng.reporters.JUnitReportReporter -->
<testsuite skipped="0" hostname="DESKTOP-C9P6VR1" name="com.technocredits.orangeHRM.testScripts.LoginTest" tests="1" failures="0" timestamp="14 Oct 2018 06:21:30 GMT" time="15.302" errors="0">
  <testcase name="doLogin" time="15.302" classname="com.technocredits.orangeHRM.testScripts.LoginTest"/>
</testsuite> <!-- com.technocredits.orangeHRM.testScripts.LoginTest -->
